Traceback (most recent call last):
  File "/usr/local/lib/python3.10/dist-packages/jupyter_cache/executors/utils.py", line 51, in single_nb_execution
    executenb(
  File "/usr/local/lib/python3.10/dist-packages/nbclient/client.py", line 1204, in execute
    return NotebookClient(nb=nb, resources=resources, km=km, **kwargs).execute()
  File "/usr/local/lib/python3.10/dist-packages/nbclient/util.py", line 84, in wrapped
    return just_run(coro(*args, **kwargs))
  File "/usr/local/lib/python3.10/dist-packages/nbclient/util.py", line 62, in just_run
    return loop.run_until_complete(coro)
  File "/usr/lib/python3.10/asyncio/base_events.py", line 646, in run_until_complete
    return future.result()
  File "/usr/local/lib/python3.10/dist-packages/nbclient/client.py", line 663, in async_execute
    await self.async_execute_cell(
  File "/usr/local/lib/python3.10/dist-packages/nbclient/client.py", line 965, in async_execute_cell
    await self._check_raise_for_error(cell, cell_index, exec_reply)
  File "/usr/local/lib/python3.10/dist-packages/nbclient/client.py", line 862, in _check_raise_for_error
    raise CellExecutionError.from_cell_and_msg(cell, exec_reply_content)
nbclient.exceptions.CellExecutionError: An error occurred while executing the following cell:
------------------
public int bin2dec(String b) {
    int value = 0;
    for(int i=0; i<b.length(); i++) {
        value=value*2;
        if (b.charAt(i)=='1') {
            value++;
        } else if (b.charAt(i)!='0') {
            throw new RuntimeException("Invalid binary character "+b.charAt(i));
        }
    }
    return value;
}

System.out.println(bin2dec("10011")); // geldig arugment
System.out.println(bin2dec("10211")); // ongeldig argument
System.out.println(bin2dec("11111")); // geldig arugment
------------------

.bin2dec(#12:8)
.(#23:2)
EvalException: Invalid binary character 2

